{
  "RSpec": {
    "coverage": {
      "/home/velu/My Projects/Rails/api-test/spec/controllers/carts_controller_spec.rb": [
        1,
        1,
        1,
        1,
        1,
        1,
        1,
        1,
        1,
        null,
        1,
        1,
        1,
        1,
        1,
        1,
        1,
        null,
        null,
        1,
        1,
        1,
        1,
        1,
        1,
        null,
        null,
        null,
        null,
        1,
        1,
        1,
        1,
        1,
        1,
        null,
        1,
        1,
        1,
        null,
        null,
        1,
        1,
        1,
        1,
        1,
        1,
        null,
        1,
        null,
        null,
        null,
        1,
        1,
        1,
        1,
        1,
        1,
        1,
        null,
        null,
        null,
        null
      ],
      "/home/velu/My Projects/Rails/api-test/spec/rails_helper.rb": [
        null,
        1,
        1,
        1,
        null,
        1,
        1,
        null,
        null,
        null,
        null,
        null,
        null,
        null,
        null,
        null,
        null,
        null,
        null,
        null,
        null,
        null,
        null,
        null,
        null,
        null,
        1,
        null,
        1,
        null,
        1,
        null,
        null,
        null,
        null,
        1,
        null,
        null,
        null,
        null,
        null,
        null,
        null,
        null,
        null,
        null,
        null,
        null,
        null,
        null,
        1,
        null,
        null,
        1,
        null,
        null,
        null
      ],
      "/home/velu/My Projects/Rails/api-test/config/environment.rb": [
        null,
        1,
        null,
        null,
        1
      ],
      "/home/velu/My Projects/Rails/api-test/config/application.rb": [
        1,
        null,
        1,
        null,
        null,
        null,
        1,
        null,
        1,
        1,
        null,
        1,
        null,
        null,
        null,
        null,
        null,
        null,
        null
      ],
      "/home/velu/My Projects/Rails/api-test/config/boot.rb": [
        1,
        null,
        1,
        1
      ],
      "/home/velu/My Projects/Rails/api-test/config/environments/test.rb": [
        1,
        null,
        null,
        null,
        null,
        null,
        null,
        1,
        null,
        null,
        null,
        null,
        1,
        null,
        null,
        1,
        1,
        null,
        null,
        null,
        null,
        1,
        1,
        null,
        null,
        1,
        null,
        null,
        1,
        null,
        null,
        1,
        null,
        1,
        null,
        null,
        null,
        null,
        1,
        null,
        null,
        1,
        null,
        null,
        null,
        null
      ],
      "/home/velu/My Projects/Rails/api-test/config/initializers/application_controller_renderer.rb": [
        null,
        null,
        null,
        null,
        null,
        null,
        null,
        null
      ],
      "/home/velu/My Projects/Rails/api-test/config/initializers/assets.rb": [
        null,
        null,
        null,
        1,
        null,
        null,
        null,
        null,
        1,
        null,
        null,
        null,
        null,
        null
      ],
      "/home/velu/My Projects/Rails/api-test/config/initializers/backtrace_silencers.rb": [
        null,
        null,
        null,
        null,
        null,
        null,
        null
      ],
      "/home/velu/My Projects/Rails/api-test/config/initializers/content_security_policy.rb": [
        null,
        null,
        null,
        null,
        null,
        null,
        null,
        null,
        null,
        null,
        null,
        null,
        null,
        null,
        null,
        null,
        null,
        null,
        null,
        null,
        null,
        null,
        null,
        null,
        null
      ],
      "/home/velu/My Projects/Rails/api-test/config/initializers/cookies_serializer.rb": [
        null,
        null,
        null,
        null,
        1
      ],
      "/home/velu/My Projects/Rails/api-test/config/initializers/filter_parameter_logging.rb": [
        null,
        null,
        null,
        1
      ],
      "/home/velu/My Projects/Rails/api-test/config/initializers/inflections.rb": [
        null,
        null,
        null,
        null,
        null,
        null,
        null,
        null,
        null,
        null,
        null,
        null,
        null,
        null,
        null,
        null
      ],
      "/home/velu/My Projects/Rails/api-test/config/initializers/mime_types.rb": [
        null,
        null,
        null,
        null
      ],
      "/home/velu/My Projects/Rails/api-test/config/initializers/wrap_parameters.rb": [
        null,
        null,
        null,
        null,
        null,
        null,
        1,
        2,
        null,
        null,
        null,
        null,
        null,
        null
      ],
      "/home/velu/My Projects/Rails/api-test/config/routes.rb": [
        1,
        1,
        1,
        1,
        1,
        1,
        null,
        1,
        1,
        1,
        1,
        1,
        null,
        null
      ],
      "/home/velu/My Projects/Rails/api-test/app/helpers/application_helper.rb": [
        1,
        null
      ],
      "/home/velu/My Projects/Rails/api-test/app/helpers/carts_helper.rb": [
        1,
        null
      ],
      "/home/velu/My Projects/Rails/api-test/app/helpers/orders_helper.rb": [
        1,
        null
      ],
      "/home/velu/My Projects/Rails/api-test/app/helpers/products_helper.rb": [
        1,
        null
      ],
      "/home/velu/My Projects/Rails/api-test/app/helpers/users_helper.rb": [
        1,
        null
      ],
      "/home/velu/My Projects/Rails/api-test/spec/controllers/orders_controller_spec.rb": [
        1,
        1,
        1,
        1,
        1,
        1,
        1,
        1,
        1,
        null,
        1,
        1,
        1,
        1,
        1,
        1,
        1,
        null,
        null,
        1,
        1,
        1,
        1,
        1,
        1,
        null,
        null,
        null,
        null,
        1,
        1,
        1,
        1,
        1,
        1,
        null,
        1,
        1,
        1,
        null,
        null,
        1,
        1,
        1,
        1,
        1,
        1,
        null,
        1,
        null,
        null,
        null,
        1,
        1,
        1,
        1,
        1,
        1,
        1,
        null,
        null,
        null,
        null,
        null,
        null,
        null,
        null,
        null
      ],
      "/home/velu/My Projects/Rails/api-test/spec/controllers/products_controller_spec.rb": [
        1,
        1,
        1,
        1,
        1,
        1,
        1,
        1,
        1,
        null,
        1,
        1,
        1,
        1,
        1,
        null,
        null,
        1,
        1,
        1,
        null,
        null,
        null,
        null,
        1,
        1,
        1,
        1,
        1,
        1,
        1,
        null,
        null,
        null,
        null,
        null,
        null,
        null,
        null,
        null,
        null,
        1,
        1,
        1,
        1,
        1,
        null,
        null,
        null,
        null,
        null,
        null,
        null,
        null,
        null,
        null
      ],
      "/home/velu/My Projects/Rails/api-test/spec/controllers/users_controller_spec.rb": [
        1,
        1,
        1,
        1,
        1,
        1,
        1,
        1,
        1,
        null,
        1,
        1,
        1,
        1,
        1,
        null,
        null,
        1,
        1,
        1,
        null,
        null,
        null,
        null,
        1,
        1,
        1,
        1,
        null,
        1,
        1,
        1,
        null,
        null,
        null,
        null,
        null,
        null,
        null,
        null,
        null,
        null,
        1,
        1,
        1,
        1,
        1,
        null,
        null,
        null,
        null,
        null,
        null,
        null,
        null,
        null,
        null
      ],
      "/home/velu/My Projects/Rails/api-test/spec/controllers/v1/carts_controller_spec.rb": [

      ],
      "/home/velu/My Projects/Rails/api-test/spec/controllers/v1/orders_controller_spec.rb": [

      ],
      "/home/velu/My Projects/Rails/api-test/spec/controllers/v1/products_controller_spec.rb": [

      ],
      "/home/velu/My Projects/Rails/api-test/spec/controllers/v1/users_controller_spec.rb": [

      ],
      "/home/velu/My Projects/Rails/api-test/app/controllers/carts_controller.rb": [
        1,
        1,
        null,
        null,
        null,
        1,
        1,
        null,
        null,
        null,
        null,
        1,
        null,
        null,
        null,
        1,
        2,
        null,
        null,
        null,
        1,
        null,
        null,
        null,
        null,
        1,
        2,
        null,
        2,
        2,
        2,
        1,
        null,
        2,
        1,
        null,
        null,
        null,
        null,
        null,
        null,
        1,
        2,
        2,
        2,
        1,
        null,
        2,
        1,
        null,
        null,
        null,
        null,
        null,
        null,
        1,
        1,
        1,
        2,
        1,
        null,
        null,
        null,
        null,
        1,
        null,
        1,
        3,
        null,
        null,
        null,
        1,
        4,
        null,
        null
      ],
      "/home/velu/My Projects/Rails/api-test/app/controllers/application_controller.rb": [
        1,
        null
      ],
      "/home/velu/My Projects/Rails/api-test/app/models/cart.rb": [
        1,
        1,
        1,
        null
      ],
      "/home/velu/My Projects/Rails/api-test/app/models/application_record.rb": [
        1,
        1,
        null
      ],
      "/home/velu/My Projects/Rails/api-test/app/models/user.rb": [
        1,
        1,
        1,
        null,
        null,
        null,
        null
      ],
      "/home/velu/My Projects/Rails/api-test/app/models/product.rb": [
        1,
        1,
        1,
        null
      ],
      "/home/velu/My Projects/Rails/api-test/app/controllers/orders_controller.rb": [
        1,
        1,
        null,
        null,
        null,
        1,
        1,
        null,
        null,
        null,
        null,
        1,
        null,
        null,
        null,
        1,
        2,
        null,
        null,
        null,
        1,
        null,
        null,
        null,
        null,
        1,
        2,
        null,
        2,
        2,
        2,
        1,
        null,
        2,
        1,
        null,
        null,
        null,
        null,
        null,
        null,
        1,
        2,
        2,
        2,
        1,
        null,
        2,
        1,
        null,
        null,
        null,
        null,
        null,
        null,
        1,
        1,
        1,
        2,
        1,
        null,
        null,
        null,
        1,
        null,
        1,
        3,
        null,
        null,
        null,
        1,
        4,
        null,
        null
      ],
      "/home/velu/My Projects/Rails/api-test/app/models/order.rb": [
        1,
        1,
        1,
        null
      ],
      "/home/velu/My Projects/Rails/api-test/app/controllers/products_controller.rb": [
        1,
        1,
        null,
        null,
        null,
        1,
        1,
        null,
        null,
        null,
        null,
        1,
        null,
        null,
        null,
        1,
        2,
        null,
        null,
        null,
        1,
        null,
        null,
        null,
        null,
        1,
        2,
        null,
        2,
        2,
        4,
        2,
        null,
        0,
        0,
        null,
        null,
        null,
        null,
        null,
        null,
        1,
        1,
        1,
        2,
        1,
        null,
        0,
        0,
        null,
        null,
        null,
        null,
        null,
        null,
        1,
        1,
        1,
        2,
        1,
        null,
        null,
        null,
        1,
        null,
        1,
        2,
        null,
        null,
        null,
        1,
        3,
        null,
        null
      ],
      "/home/velu/My Projects/Rails/api-test/app/controllers/users_controller.rb": [
        1,
        1,
        null,
        null,
        null,
        1,
        1,
        null,
        null,
        null,
        null,
        1,
        null,
        null,
        null,
        1,
        2,
        null,
        null,
        null,
        1,
        null,
        null,
        null,
        null,
        1,
        2,
        null,
        2,
        2,
        4,
        2,
        null,
        0,
        0,
        null,
        null,
        null,
        null,
        null,
        null,
        1,
        1,
        1,
        2,
        1,
        null,
        0,
        0,
        null,
        null,
        null,
        null,
        null,
        null,
        1,
        1,
        1,
        2,
        1,
        null,
        null,
        null,
        1,
        null,
        1,
        2,
        null,
        null,
        null,
        1,
        3,
        null,
        null
      ]
    },
    "timestamp": 1526036838
  }
}
